<html>
<head>
<title>TestNG:  Login Page Test</title>
<link href="../testng.css" rel="stylesheet" type="text/css" />
<link href="../my-testng.css" rel="stylesheet" type="text/css" />

<style type="text/css">
.log { display: none;} 
.stack-trace { display: none;} 
</style>
<script type="text/javascript">
<!--
function flip(e) {
  current = e.style.display;
  if (current == 'block') {
    e.style.display = 'none';
    return 0;
  }
  else {
    e.style.display = 'block';
    return 1;
  }
}

function toggleBox(szDivId, elem, msg1, msg2)
{
  var res = -1;  if (document.getElementById) {
    res = flip(document.getElementById(szDivId));
  }
  else if (document.all) {
    // this is the way old msie versions work
    res = flip(document.all[szDivId]);
  }
  if(elem) {
    if(res == 0) elem.innerHTML = msg1; else elem.innerHTML = msg2;
  }

}

function toggleAllBoxes() {
  if (document.getElementsByTagName) {
    d = document.getElementsByTagName('div');
    for (i = 0; i < d.length; i++) {
      if (d[i].className == 'log') {
        flip(d[i]);
      }
    }
  }
}

// -->
</script>

</head>
<body>
<h2 align='center'>Login Page Test</h2><table border='1' align="center">
<tr>
<td>Tests passed/Failed/Skipped:</td><td>4/1/0</td>
</tr><tr>
<td>Started on:</td><td>Wed Apr 23 07:20:00 IST 2025</td>
</tr>
<tr><td>Total time:</td><td>44 seconds (44453 ms)</td>
</tr><tr>
<td>Included groups:</td><td></td>
</tr><tr>
<td>Excluded groups:</td><td></td>
</tr>
</table><p/>
<small><i>(Hover the method name to see the test class name)</i></small><p/>
<table width='100%' border='1' class='invocation-failed'>
<tr><td colspan='4' align='center'><b>FAILED TESTS</b></td></tr>
<tr><td><b>Test method</b></td>
<td width="30%"><b>Exception</b></td>
<td width="10%"><b>Time (seconds)</b></td>
<td><b>Instance</b></td>
</tr>
<tr>
<td title='com.qa.opencart.tests.LoginPageTest.forgotPwdLinkexistLink()'><b>forgotPwdLinkexistLink</b><br>Test class: com.qa.opencart.tests.LoginPageTest</td>
<td><div><pre>org.openqa.selenium.TimeoutException: Expected condition failed: waiting for visibility of element located by By.linkText: Forgotten Password1 (tried for 5 second(s) with 500 milliseconds interval)
Build info: version: &apos;4.27.0&apos;, revision: &apos;d6e718d134&apos;
System info: os.name: &apos;Windows 11&apos;, os.arch: &apos;amd64&apos;, os.version: &apos;10.0&apos;, java.version: &apos;19.0.1&apos;
Driver info: org.openqa.selenium.chrome.ChromeDriver
Capabilities {acceptInsecureCerts: false, browserName: chrome, browserVersion: 135.0.7049.114, chrome: {chromedriverVersion: 135.0.7049.97 (b41307079c9b..., userDataDir: C:\Users\Lenovo\AppData\Loc...}, fedcm:accounts: true, goog:chromeOptions: {debuggerAddress: localhost:60510}, networkConnectionEnabled: false, pageLoadStrategy: normal, platformName: windows, proxy: Proxy(), se:cdp: ws://localhost:60510/devtoo..., se:cdpVersion: 135.0.7049.114, setWindowRect: true, strictFileInteractability: false, timeouts: {implicit: 0, pageLoad: 300000, script: 30000}, unhandledPromptBehavior: dismiss and notify, webauthn:extension:credBlob: true, webauthn:extension:largeBlob: true, webauthn:extension:minPinLength: true, webauthn:extension:prf: true, webauthn:virtualAuthenticators: true}
Session ID: acad7bdabc8f1a203ced74c6994ef8d8
	at org.openqa.selenium.support.ui.WebDriverWait.timeoutException(WebDriverWait.java:84)
	at org.openqa.selenium.support.ui.FluentWait.until(FluentWait.java:228)
	at com.qa.opencart.utils.ElementUtil.waitForVisibilityOfElement(ElementUtil.java:361)
	at com.qa.opencart.pages.LoginPage.isForgotPwdLinkExist(LoginPage.java:51)
	at com.qa.opencart.tests.LoginPageTest.forgotPwdLinkexistLink(LoginPageTest.java:28)
	at java.base/jdk.internal.reflect.DirectMethodHandleAccessor.invoke(DirectMethodHandleAccessor.java:104)
	at java.base/java.lang.reflect.Method.invoke(Method.java:578)
	at org.testng.internal.MethodInvocationHelper.invokeMethod(MethodInvocationHelper.java:133)
	at org.testng.internal.TestInvoker.invokeMethod(TestInvoker.java:584)
	at org.testng.internal.TestInvoker.invokeTestMethod(TestInvoker.java:172)
	at org.testng.internal.MethodRunner.runInSequence(MethodRunner.java:46)
	at org.testng.internal.TestInvoker$MethodInvocationAgent.invoke(TestInvoker.java:804)
	at org.testng.internal.TestInvoker.invokeTestMethods(TestInvoker.java:145)
	at org.testng.internal.TestMethodWorker.invokeTestMethods(TestMethodWorker.java:146)
	at org.testng.internal.TestMethodWorker.run(TestMethodWorker.java:128)
	at java.base/java.util.ArrayList.forEach(ArrayList.java:1511)
	at org.testng.TestRunner.privateRun(TestRunner.java:770)
	at org.testng.TestRunner.run(TestRunner.java:591)
	at org.testng.SuiteRunner.runTest(SuiteRunner.java:402)
	at org.testng.SuiteRunner.access$000(SuiteRunner.java:41)
	at org.testng.SuiteRunner$SuiteWorker.run(SuiteRunner.java:443)
	at org.testng.internal.thread.ThreadUtil.lambda$execute$0(ThreadUtil.java:67)
	at java.base/java.util.concurrent.FutureTask.run(FutureTask.java:317)
	at java.base/java.util.concurrent.ThreadPoolExecutor.runWorker(ThreadPoolExecutor.java:1144)
	at java.base/java.util.concurrent.ThreadPoolExecutor$Worker.run(ThreadPoolExecutor.java:642)
	at java.base/java.lang.Thread.run(Thread.java:1589)
</pre></div><a href='#' onClick='toggleBox("stack-trace499367063", this, "Click to show all stack frames", "Click to hide stack frames")'>Click to show all stack frames</a>
<div class='stack-trace' id='stack-trace499367063'><pre>org.openqa.selenium.TimeoutException: Expected condition failed: waiting for visibility of element located by By.linkText: Forgotten Password1 (tried for 5 second(s) with 500 milliseconds interval)
Build info: version: &apos;4.27.0&apos;, revision: &apos;d6e718d134&apos;
System info: os.name: &apos;Windows 11&apos;, os.arch: &apos;amd64&apos;, os.version: &apos;10.0&apos;, java.version: &apos;19.0.1&apos;
Driver info: org.openqa.selenium.chrome.ChromeDriver
Capabilities {acceptInsecureCerts: false, browserName: chrome, browserVersion: 135.0.7049.114, chrome: {chromedriverVersion: 135.0.7049.97 (b41307079c9b..., userDataDir: C:\Users\Lenovo\AppData\Loc...}, fedcm:accounts: true, goog:chromeOptions: {debuggerAddress: localhost:60510}, networkConnectionEnabled: false, pageLoadStrategy: normal, platformName: windows, proxy: Proxy(), se:cdp: ws://localhost:60510/devtoo..., se:cdpVersion: 135.0.7049.114, setWindowRect: true, strictFileInteractability: false, timeouts: {implicit: 0, pageLoad: 300000, script: 30000}, unhandledPromptBehavior: dismiss and notify, webauthn:extension:credBlob: true, webauthn:extension:largeBlob: true, webauthn:extension:minPinLength: true, webauthn:extension:prf: true, webauthn:virtualAuthenticators: true}
Session ID: acad7bdabc8f1a203ced74c6994ef8d8
	at org.openqa.selenium.support.ui.WebDriverWait.timeoutException(WebDriverWait.java:84)
	at org.openqa.selenium.support.ui.FluentWait.until(FluentWait.java:228)
	at com.qa.opencart.utils.ElementUtil.waitForVisibilityOfElement(ElementUtil.java:361)
	at com.qa.opencart.pages.LoginPage.isForgotPwdLinkExist(LoginPage.java:51)
	at com.qa.opencart.tests.LoginPageTest.forgotPwdLinkexistLink(LoginPageTest.java:28)
	at java.base/jdk.internal.reflect.DirectMethodHandleAccessor.invoke(DirectMethodHandleAccessor.java:104)
	at java.base/java.lang.reflect.Method.invoke(Method.java:578)
	at org.testng.internal.MethodInvocationHelper.invokeMethod(MethodInvocationHelper.java:133)
	at org.testng.internal.TestInvoker.invokeMethod(TestInvoker.java:584)
	at org.testng.internal.TestInvoker.invokeTestMethod(TestInvoker.java:172)
	at org.testng.internal.MethodRunner.runInSequence(MethodRunner.java:46)
	at org.testng.internal.TestInvoker$MethodInvocationAgent.invoke(TestInvoker.java:804)
	at org.testng.internal.TestInvoker.invokeTestMethods(TestInvoker.java:145)
	at org.testng.internal.TestMethodWorker.invokeTestMethods(TestMethodWorker.java:146)
	at org.testng.internal.TestMethodWorker.run(TestMethodWorker.java:128)
	at java.base/java.util.ArrayList.forEach(ArrayList.java:1511)
	at org.testng.TestRunner.privateRun(TestRunner.java:770)
	at org.testng.TestRunner.run(TestRunner.java:591)
	at org.testng.SuiteRunner.runTest(SuiteRunner.java:402)
	at org.testng.SuiteRunner.access$000(SuiteRunner.java:41)
	at org.testng.SuiteRunner$SuiteWorker.run(SuiteRunner.java:443)
	at org.testng.internal.thread.ThreadUtil.lambda$execute$0(ThreadUtil.java:67)
	at java.base/java.util.concurrent.FutureTask.run(FutureTask.java:317)
	at java.base/java.util.concurrent.ThreadPoolExecutor.runWorker(ThreadPoolExecutor.java:1144)
	at java.base/java.util.concurrent.ThreadPoolExecutor$Worker.run(ThreadPoolExecutor.java:642)
	at java.base/java.lang.Thread.run(Thread.java:1589)
</pre></div></td>
<td>5</td>
<td>com.qa.opencart.tests.LoginPageTest@1caa0244</td></tr>
</table><p>
<table width='100%' border='1' class='invocation-passed'>
<tr><td colspan='4' align='center'><b>PASSED TESTS</b></td></tr>
<tr><td><b>Test method</b></td>
<td width="30%"><b>Exception</b></td>
<td width="10%"><b>Time (seconds)</b></td>
<td><b>Instance</b></td>
</tr>
<tr>
<td title='com.qa.opencart.tests.AccountPageTest.accPageHeadersCountTest()'><b>accPageHeadersCountTest</b><br>Test class: com.qa.opencart.tests.AccountPageTest</td>
<td></td>
<td>0</td>
<td>com.qa.opencart.tests.AccountPageTest@723ca036</td></tr>
<tr>
<td title='com.qa.opencart.tests.AccountPageTest.accPageHeadersTest()'><b>accPageHeadersTest</b><br>Test class: com.qa.opencart.tests.AccountPageTest</td>
<td></td>
<td>2</td>
<td>com.qa.opencart.tests.AccountPageTest@723ca036</td></tr>
<tr>
<td title='com.qa.opencart.tests.AccountPageTest.accountpageTitleTest()'><b>accountpageTitleTest</b><br>Test class: com.qa.opencart.tests.AccountPageTest</td>
<td></td>
<td>0</td>
<td>com.qa.opencart.tests.AccountPageTest@723ca036</td></tr>
<tr>
<td title='com.qa.opencart.tests.LoginPageTest.appLogoExist()'><b>appLogoExist</b><br>Test class: com.qa.opencart.tests.LoginPageTest</td>
<td></td>
<td>0</td>
<td>com.qa.opencart.tests.LoginPageTest@1caa0244</td></tr>
<tr>
<td title='com.qa.opencart.tests.AccountPageTest.isLogoutLinkExistTest()'><b>isLogoutLinkExistTest</b><br>Test class: com.qa.opencart.tests.AccountPageTest</td>
<td></td>
<td>0</td>
<td>com.qa.opencart.tests.AccountPageTest@723ca036</td></tr>
<tr>
<td title='com.qa.opencart.tests.AccountPageTest.isSearchFieldExist()'><b>isSearchFieldExist</b><br>Test class: com.qa.opencart.tests.AccountPageTest</td>
<td></td>
<td>1</td>
<td>com.qa.opencart.tests.AccountPageTest@723ca036</td></tr>
<tr>
<td title='com.qa.opencart.tests.LoginPageTest.loginPageTitleTest()'><b>loginPageTitleTest</b><br>Test class: com.qa.opencart.tests.LoginPageTest</td>
<td></td>
<td>0</td>
<td>com.qa.opencart.tests.LoginPageTest@1caa0244</td></tr>
<tr>
<td title='com.qa.opencart.tests.LoginPageTest.loginPageURLTest()'><b>loginPageURLTest</b><br>Test class: com.qa.opencart.tests.LoginPageTest</td>
<td></td>
<td>0</td>
<td>com.qa.opencart.tests.LoginPageTest@1caa0244</td></tr>
<tr>
<td title='com.qa.opencart.tests.LoginPageTest.loginTest()'><b>loginTest</b><br>Test class: com.qa.opencart.tests.LoginPageTest</td>
<td></td>
<td>2</td>
<td>com.qa.opencart.tests.LoginPageTest@1caa0244</td></tr>
<tr>
<td title='com.qa.opencart.tests.ProductsResultPageTest.productImagesTest()'><b>productImagesTest</b><br>Test class: com.qa.opencart.tests.ProductsResultPageTest<br>Parameters: MacBook, MacBook Pro, 4</td>
<td></td>
<td>2</td>
<td>com.qa.opencart.tests.ProductsResultPageTest@65987993</td></tr>
<tr>
<td title='com.qa.opencart.tests.ProductsResultPageTest.productImagesTest()'><b>productImagesTest</b><br>Test class: com.qa.opencart.tests.ProductsResultPageTest<br>Parameters: MacBook, MacBook Air, 4</td>
<td></td>
<td>2</td>
<td>com.qa.opencart.tests.ProductsResultPageTest@65987993</td></tr>
<tr>
<td title='com.qa.opencart.tests.ProductsResultPageTest.productImagesTest()'><b>productImagesTest</b><br>Test class: com.qa.opencart.tests.ProductsResultPageTest<br>Parameters: iMac, iMac, 3</td>
<td></td>
<td>3</td>
<td>com.qa.opencart.tests.ProductsResultPageTest@65987993</td></tr>
<tr>
<td title='com.qa.opencart.tests.ProductsResultPageTest.productImagesTest()'><b>productImagesTest</b><br>Test class: com.qa.opencart.tests.ProductsResultPageTest<br>Parameters: Samsung, Samsung SyncMaster 941BW, 1</td>
<td></td>
<td>3</td>
<td>com.qa.opencart.tests.ProductsResultPageTest@65987993</td></tr>
<tr>
<td title='com.qa.opencart.tests.ProductsResultPageTest.productInfoTest()'><b>productInfoTest</b><br>Test class: com.qa.opencart.tests.ProductsResultPageTest</td>
<td></td>
<td>2</td>
<td>com.qa.opencart.tests.ProductsResultPageTest@65987993</td></tr>
<tr>
<td title='com.qa.opencart.tests.AccountPageTest.searchTest()'><b>searchTest</b><br>Test class: com.qa.opencart.tests.AccountPageTest</td>
<td></td>
<td>1</td>
<td>com.qa.opencart.tests.AccountPageTest@723ca036</td></tr>
<tr>
<td title='com.qa.opencart.tests.RegisterPageTest.userRegTest()'><b>userRegTest</b><br>Test class: com.qa.opencart.tests.RegisterPageTest<br>Parameters: Peter, Marsh, 99999999989, Peter@123, Peter@123, yes</td>
<td></td>
<td>3</td>
<td>com.qa.opencart.tests.RegisterPageTest@7a5ceedd</td></tr>
<tr>
<td title='com.qa.opencart.tests.RegisterPageTest.userRegTest()'><b>userRegTest</b><br>Test class: com.qa.opencart.tests.RegisterPageTest<br>Parameters: Michele, Stroba, 99459999989, Michele@123, Michele@123, yes</td>
<td></td>
<td>4</td>
<td>com.qa.opencart.tests.RegisterPageTest@7a5ceedd</td></tr>
<tr>
<td title='com.qa.opencart.tests.RegisterPageTest.userRegTest()'><b>userRegTest</b><br>Test class: com.qa.opencart.tests.RegisterPageTest<br>Parameters: Tony, Phan, 99995999989, Phan@123, Phan@123, yes</td>
<td></td>
<td>2</td>
<td>com.qa.opencart.tests.RegisterPageTest@7a5ceedd</td></tr>
</table><p>
</body>
</html>